<?xml version="1.0" encoding="UTF-8"?>
<!-- Generated by org.testng.reporters.JUnitReportReporter -->
<testsuite skipped="0" hostname="HYD-LAP-00596" name="com.rest.assure.GetAndPost" tests="2" failures="0" timestamp="8 Jan 2020 06:45:58 GMT" time="2.014" errors="0">
  <testcase name="postserviceop" time="1.790" classname="com.rest.assure.GetAndPost"/>
  <testcase name="testQueryGenderParam" time="0.224" classname="com.rest.assure.GetAndPost"/>
</testsuite> <!-- com.rest.assure.GetAndPost -->
